# Logfile created on 2016-04-03 15:25:43 +0200 by logger.rb/44203
I, [2016-04-03T15:25:43.635351 #5013]  INFO -- : 0:  jekyll-paginate (1.1.0) from /Users/xavierhamori/.rvm/rubies/ruby-2.1.0/lib/ruby/gems/2.1.0/specifications/jekyll-paginate-1.1.0.gemspec
I, [2016-04-03T15:25:43.635686 #5013]  INFO -- : 0:  bundler (1.5.1) from /Users/xavierhamori/.rvm/rubies/ruby-2.1.0/lib/ruby/gems/2.1.0/specifications/bundler-1.5.1.gemspec
I, [2016-04-03T15:25:57.930657 #5036]  INFO -- : 0:  jekyll-paginate (1.1.0) from /Users/xavierhamori/.rvm/rubies/ruby-2.1.0/lib/ruby/gems/2.1.0/specifications/jekyll-paginate-1.1.0.gemspec
I, [2016-04-03T15:25:57.930974 #5036]  INFO -- : 0:  bundler (1.5.1) from /Users/xavierhamori/.rvm/rubies/ruby-2.1.0/lib/ruby/gems/2.1.0/specifications/bundler-1.5.1.gemspec
I, [2016-04-03T15:37:27.590789 #5608]  INFO -- : 0:  RedCloth (4.2.9) from /Users/xavierhamori/.rvm/rubies/ruby-2.1.0/lib/ruby/gems/2.1.0/specifications/RedCloth-4.2.9.gemspec
I, [2016-04-03T15:37:28.675387 #5608]  INFO -- : 0:  i18n (0.7.0) from /Users/xavierhamori/.rvm/rubies/ruby-2.1.0/lib/ruby/gems/2.1.0/specifications/i18n-0.7.0.gemspec
I, [2016-04-03T15:37:30.938289 #5608]  INFO -- : 0:  json (1.8.3) from /Users/xavierhamori/.rvm/rubies/ruby-2.1.0/lib/ruby/gems/2.1.0/specifications/json-1.8.3.gemspec
I, [2016-04-03T15:37:32.060801 #5608]  INFO -- : 0:  minitest (5.8.4) from /Users/xavierhamori/.rvm/rubies/ruby-2.1.0/lib/ruby/gems/2.1.0/specifications/minitest-5.8.4.gemspec
I, [2016-04-03T15:37:33.274736 #5608]  INFO -- : 0:  thread_safe (0.3.5) from /Users/xavierhamori/.rvm/rubies/ruby-2.1.0/lib/ruby/gems/2.1.0/specifications/thread_safe-0.3.5.gemspec
I, [2016-04-03T15:37:34.935280 #5608]  INFO -- : 0:  tzinfo (1.2.2) from /Users/xavierhamori/.rvm/rubies/ruby-2.1.0/lib/ruby/gems/2.1.0/specifications/tzinfo-1.2.2.gemspec
I, [2016-04-03T15:37:36.766122 #5608]  INFO -- : 0:  activesupport (4.2.6) from /Users/xavierhamori/.rvm/rubies/ruby-2.1.0/lib/ruby/gems/2.1.0/specifications/activesupport-4.2.6.gemspec
I, [2016-04-03T15:37:37.931878 #5608]  INFO -- : 0:  addressable (2.4.0) from /Users/xavierhamori/.rvm/rubies/ruby-2.1.0/lib/ruby/gems/2.1.0/specifications/addressable-2.4.0.gemspec
I, [2016-04-03T15:37:38.982709 #5608]  INFO -- : 0:  coffee-script-source (1.10.0) from /Users/xavierhamori/.rvm/rubies/ruby-2.1.0/lib/ruby/gems/2.1.0/specifications/coffee-script-source-1.10.0.gemspec
I, [2016-04-03T15:37:39.935963 #5608]  INFO -- : 0:  execjs (2.6.0) from /Users/xavierhamori/.rvm/rubies/ruby-2.1.0/lib/ruby/gems/2.1.0/specifications/execjs-2.6.0.gemspec
I, [2016-04-03T15:37:40.801684 #5608]  INFO -- : 0:  coffee-script (2.4.1) from /Users/xavierhamori/.rvm/rubies/ruby-2.1.0/lib/ruby/gems/2.1.0/specifications/coffee-script-2.4.1.gemspec
I, [2016-04-03T15:37:40.802072 #5608]  INFO -- : 0:  colorator (0.1) from /Users/xavierhamori/.rvm/rubies/ruby-2.1.0/lib/ruby/gems/2.1.0/specifications/colorator-0.1.gemspec
I, [2016-04-03T15:37:40.802400 #5608]  INFO -- : 0:  ffi (1.9.10) from /Users/xavierhamori/.rvm/rubies/ruby-2.1.0/lib/ruby/gems/2.1.0/specifications/ffi-1.9.10.gemspec
I, [2016-04-03T15:37:41.875916 #5608]  INFO -- : 0:  ethon (0.8.1) from /Users/xavierhamori/.rvm/rubies/ruby-2.1.0/lib/ruby/gems/2.1.0/specifications/ethon-0.8.1.gemspec
I, [2016-04-03T15:37:42.788514 #5608]  INFO -- : 0:  multipart-post (2.0.0) from /Users/xavierhamori/.rvm/rubies/ruby-2.1.0/lib/ruby/gems/2.1.0/specifications/multipart-post-2.0.0.gemspec
I, [2016-04-03T15:37:43.767654 #5608]  INFO -- : 0:  faraday (0.9.2) from /Users/xavierhamori/.rvm/rubies/ruby-2.1.0/lib/ruby/gems/2.1.0/specifications/faraday-0.9.2.gemspec
I, [2016-04-03T15:37:53.531106 #5608]  INFO -- : 0:  gemoji (2.1.0) from /Users/xavierhamori/.rvm/rubies/ruby-2.1.0/lib/ruby/gems/2.1.0/specifications/gemoji-2.1.0.gemspec
I, [2016-04-03T15:37:54.515359 #5608]  INFO -- : 0:  net-dns (0.8.0) from /Users/xavierhamori/.rvm/rubies/ruby-2.1.0/lib/ruby/gems/2.1.0/specifications/net-dns-0.8.0.gemspec
I, [2016-04-03T15:37:56.160262 #5608]  INFO -- : 0:  sawyer (0.7.0) from /Users/xavierhamori/.rvm/rubies/ruby-2.1.0/lib/ruby/gems/2.1.0/specifications/sawyer-0.7.0.gemspec
I, [2016-04-03T15:37:57.455205 #5608]  INFO -- : 0:  octokit (4.3.0) from /Users/xavierhamori/.rvm/rubies/ruby-2.1.0/lib/ruby/gems/2.1.0/specifications/octokit-4.3.0.gemspec
I, [2016-04-03T15:37:58.521008 #5608]  INFO -- : 0:  public_suffix (1.5.3) from /Users/xavierhamori/.rvm/rubies/ruby-2.1.0/lib/ruby/gems/2.1.0/specifications/public_suffix-1.5.3.gemspec
I, [2016-04-03T15:37:59.550133 #5608]  INFO -- : 0:  typhoeus (0.8.0) from /Users/xavierhamori/.rvm/rubies/ruby-2.1.0/lib/ruby/gems/2.1.0/specifications/typhoeus-0.8.0.gemspec
I, [2016-04-03T15:38:01.229595 #5608]  INFO -- : 0:  github-pages-health-check (1.1.0) from /Users/xavierhamori/.rvm/rubies/ruby-2.1.0/lib/ruby/gems/2.1.0/specifications/github-pages-health-check-1.1.0.gemspec
I, [2016-04-03T15:38:01.230012 #5608]  INFO -- : 0:  sass (3.4.22) from /Users/xavierhamori/.rvm/rubies/ruby-2.1.0/lib/ruby/gems/2.1.0/specifications/sass-3.4.22.gemspec
I, [2016-04-03T15:38:02.174247 #5608]  INFO -- : 0:  jekyll-sass-converter (1.3.0) from /Users/xavierhamori/.rvm/rubies/ruby-2.1.0/lib/ruby/gems/2.1.0/specifications/jekyll-sass-converter-1.3.0.gemspec
I, [2016-04-03T15:38:02.174607 #5608]  INFO -- : 0:  rb-fsevent (0.9.7) from /Users/xavierhamori/.rvm/rubies/ruby-2.1.0/lib/ruby/gems/2.1.0/specifications/rb-fsevent-0.9.7.gemspec
I, [2016-04-03T15:38:02.174923 #5608]  INFO -- : 0:  rb-inotify (0.9.7) from /Users/xavierhamori/.rvm/rubies/ruby-2.1.0/lib/ruby/gems/2.1.0/specifications/rb-inotify-0.9.7.gemspec
I, [2016-04-03T15:38:02.175225 #5608]  INFO -- : 0:  listen (3.0.6) from /Users/xavierhamori/.rvm/rubies/ruby-2.1.0/lib/ruby/gems/2.1.0/specifications/listen-3.0.6.gemspec
I, [2016-04-03T15:38:02.175536 #5608]  INFO -- : 0:  jekyll-watch (1.3.1) from /Users/xavierhamori/.rvm/rubies/ruby-2.1.0/lib/ruby/gems/2.1.0/specifications/jekyll-watch-1.3.1.gemspec
I, [2016-04-03T15:38:02.175840 #5608]  INFO -- : 0:  kramdown (1.10.0) from /Users/xavierhamori/.rvm/rubies/ruby-2.1.0/lib/ruby/gems/2.1.0/specifications/kramdown-1.10.0.gemspec
I, [2016-04-03T15:38:02.176148 #5608]  INFO -- : 0:  liquid (3.0.6) from /Users/xavierhamori/.rvm/rubies/ruby-2.1.0/lib/ruby/gems/2.1.0/specifications/liquid-3.0.6.gemspec
I, [2016-04-03T15:38:02.176454 #5608]  INFO -- : 0:  mercenary (0.3.5) from /Users/xavierhamori/.rvm/rubies/ruby-2.1.0/lib/ruby/gems/2.1.0/specifications/mercenary-0.3.5.gemspec
I, [2016-04-03T15:38:02.176774 #5608]  INFO -- : 0:  rouge (1.10.1) from /Users/xavierhamori/.rvm/rubies/ruby-2.1.0/lib/ruby/gems/2.1.0/specifications/rouge-1.10.1.gemspec
I, [2016-04-03T15:38:02.177083 #5608]  INFO -- : 0:  safe_yaml (1.0.4) from /Users/xavierhamori/.rvm/rubies/ruby-2.1.0/lib/ruby/gems/2.1.0/specifications/safe_yaml-1.0.4.gemspec
I, [2016-04-03T15:38:03.399220 #5608]  INFO -- : 0:  jekyll (3.0.3) from /Users/xavierhamori/.rvm/rubies/ruby-2.1.0/lib/ruby/gems/2.1.0/specifications/jekyll-3.0.3.gemspec
I, [2016-04-03T15:38:04.325340 #5608]  INFO -- : 0:  jekyll-coffeescript (1.0.1) from /Users/xavierhamori/.rvm/rubies/ruby-2.1.0/lib/ruby/gems/2.1.0/specifications/jekyll-coffeescript-1.0.1.gemspec
I, [2016-04-03T15:38:05.282475 #5608]  INFO -- : 0:  jekyll-feed (0.4.0) from /Users/xavierhamori/.rvm/rubies/ruby-2.1.0/lib/ruby/gems/2.1.0/specifications/jekyll-feed-0.4.0.gemspec
I, [2016-04-03T15:38:06.276629 #5608]  INFO -- : 0:  jekyll-gist (1.4.0) from /Users/xavierhamori/.rvm/rubies/ruby-2.1.0/lib/ruby/gems/2.1.0/specifications/jekyll-gist-1.4.0.gemspec
I, [2016-04-03T15:38:07.198389 #5608]  INFO -- : 0:  jekyll-github-metadata (1.10.0) from /Users/xavierhamori/.rvm/rubies/ruby-2.1.0/lib/ruby/gems/2.1.0/specifications/jekyll-github-metadata-1.10.0.gemspec
I, [2016-04-03T15:38:08.165933 #5608]  INFO -- : 0:  mini_portile2 (2.0.0) from /Users/xavierhamori/.rvm/rubies/ruby-2.1.0/lib/ruby/gems/2.1.0/specifications/mini_portile2-2.0.0.gemspec
I, [2016-04-03T15:39:32.203727 #5608]  INFO -- : 0:  nokogiri (1.6.7.2) from /Users/xavierhamori/.rvm/rubies/ruby-2.1.0/lib/ruby/gems/2.1.0/specifications/nokogiri-1.6.7.2.gemspec
I, [2016-04-03T15:39:33.838555 #5608]  INFO -- : 0:  html-pipeline (2.3.0) from /Users/xavierhamori/.rvm/rubies/ruby-2.1.0/lib/ruby/gems/2.1.0/specifications/html-pipeline-2.3.0.gemspec
I, [2016-04-03T15:39:34.930618 #5608]  INFO -- : 0:  jekyll-mentions (1.1.2) from /Users/xavierhamori/.rvm/rubies/ruby-2.1.0/lib/ruby/gems/2.1.0/specifications/jekyll-mentions-1.1.2.gemspec
I, [2016-04-03T15:39:34.930988 #5608]  INFO -- : 0:  jekyll-paginate (1.1.0) from /Users/xavierhamori/.rvm/rubies/ruby-2.1.0/lib/ruby/gems/2.1.0/specifications/jekyll-paginate-1.1.0.gemspec
I, [2016-04-03T15:39:36.066938 #5608]  INFO -- : 0:  jekyll-redirect-from (0.10.0) from /Users/xavierhamori/.rvm/rubies/ruby-2.1.0/lib/ruby/gems/2.1.0/specifications/jekyll-redirect-from-0.10.0.gemspec
I, [2016-04-03T15:39:37.727183 #5608]  INFO -- : 0:  jekyll-seo-tag (1.3.2) from /Users/xavierhamori/.rvm/rubies/ruby-2.1.0/lib/ruby/gems/2.1.0/specifications/jekyll-seo-tag-1.3.2.gemspec
I, [2016-04-03T15:39:38.771176 #5608]  INFO -- : 0:  jekyll-sitemap (0.10.0) from /Users/xavierhamori/.rvm/rubies/ruby-2.1.0/lib/ruby/gems/2.1.0/specifications/jekyll-sitemap-0.10.0.gemspec
I, [2016-04-03T15:39:39.702531 #5608]  INFO -- : 0:  jekyll-textile-converter (0.1.0) from /Users/xavierhamori/.rvm/rubies/ruby-2.1.0/lib/ruby/gems/2.1.0/specifications/jekyll-textile-converter-0.1.0.gemspec
I, [2016-04-03T15:39:41.265397 #5608]  INFO -- : 0:  jemoji (0.6.2) from /Users/xavierhamori/.rvm/rubies/ruby-2.1.0/lib/ruby/gems/2.1.0/specifications/jemoji-0.6.2.gemspec
I, [2016-04-03T15:39:41.265784 #5608]  INFO -- : 0:  rdiscount (2.1.8) from /Users/xavierhamori/.rvm/rubies/ruby-2.1.0/lib/ruby/gems/2.1.0/specifications/rdiscount-2.1.8.gemspec
I, [2016-04-03T15:39:43.632150 #5608]  INFO -- : 0:  redcarpet (3.3.3) from /Users/xavierhamori/.rvm/rubies/ruby-2.1.0/lib/ruby/gems/2.1.0/specifications/redcarpet-3.3.3.gemspec
I, [2016-04-03T15:39:44.644936 #5608]  INFO -- : 0:  terminal-table (1.5.2) from /Users/xavierhamori/.rvm/rubies/ruby-2.1.0/lib/ruby/gems/2.1.0/specifications/terminal-table-1.5.2.gemspec
I, [2016-04-03T15:39:45.726002 #5608]  INFO -- : 0:  github-pages (67) from /Users/xavierhamori/.rvm/rubies/ruby-2.1.0/lib/ruby/gems/2.1.0/specifications/github-pages-67.gemspec
I, [2016-04-03T15:39:45.726346 #5608]  INFO -- : 0:  bundler (1.5.1) from /Users/xavierhamori/.rvm/rubies/ruby-2.1.0/lib/ruby/gems/2.1.0/specifications/bundler-1.5.1.gemspec
